<?xml version="1.0" encoding="UTF-8"?>
<testng-results ignored="0" total="1" passed="1" failed="0" skipped="0">
  <reporter-output>
  </reporter-output>
  <suite started-at="2022-09-08T14:01:29 IST" name="Default suite" finished-at="2022-09-08T14:01:30 IST" duration-ms="196">
    <groups>
    </groups>
    <test started-at="2022-09-08T14:01:29 IST" name="Default test" finished-at="2022-09-08T14:01:30 IST" duration-ms="196">
      <class name="sampleTests.DemoTest">
        <test-method signature="Demo()[pri:0, instance:sampleTests.DemoTest@2cd2a21f]" started-at="2022-09-08T14:01:29 IST" name="Demo" finished-at="2022-09-08T14:01:30 IST" duration-ms="89" status="PASS">
          <reporter-output>
          </reporter-output>
        </test-method> <!-- Demo -->
      </class> <!-- sampleTests.DemoTest -->
    </test> <!-- Default test -->
  </suite> <!-- Default suite -->
</testng-results>
